<?xml version="1.0" encoding="UTF-8"?>
<!-- Generated by org.testng.reporters.JUnitReportReporter -->
<testsuite name="com.oms.Test.AppiumFacebookTest" tests="1" time="8.251" ignored="0" failures="0" timestamp="13 Oct 2017 14:46:45 GMT" skipped="0" hostname="fouzders-home" errors="0">
  <testcase name="addNewOwner" time="8.251" classname="com.oms.Test.AppiumFacebookTest"/>
</testsuite> <!-- com.oms.Test.AppiumFacebookTest -->
